<?xml version="1.0" encoding="UTF-8"?>
<testsuite xmlns:xsi="http://www.w3.org/2001/XMLSchema-instance" xsi:noNamespaceSchemaLocation="https://maven.apache.org/surefire/maven-surefire-plugin/xsd/surefire-test-report-3.0.xsd" version="3.0" name="TestSuite" time="7.276" tests="3" errors="0" skipped="0" failures="1">
  <properties>
[...]
</properties>
  <testcase name="addAProduct[0, {Path=products/add, TestName=addAProduct, Ignore Value List=, Expected Value=BMW Pencil, Ignore Node List=, Execute=Yes, Expected Response=Add_A_Product.json, Request Body=Add_A_Product.json, JsonPath=$.title}](1)" classname="org.mln.testcases.ProductsTest" time="2.687">
    <system-err><![CDATA[SLF4J: Failed to load class "org.slf4j.impl.StaticLoggerBinder".
SLF4J: Defaulting to no-operation (NOP) logger implementation
SLF4J: See http://www.slf4j.org/codes.html#StaticLoggerBinder for further details.
ERROR StatusLogger Log4j2 could not find a logging implementation. Please add log4j-core to the classpath. Using SimpleLogger to log to the console...
]]></system-err>
  </testcase>
  <testcase name="getAllProducts[0, {Path=products, TestName=getAllProducts, Ignore Value List=, Expected Value=, Ignore Node List=, Execute=Yes, Expected Response=Get_All_Product.json, Request Body=, JsonPath=}](1)" classname="org.mln.testcases.ProductsTest" time="0.397">
    <failure message="JSON documents are different:&#10;Different value found in node &quot;$.products[4].description&quot;, expected: &lt;&quot;Huaweiâ€™s re-badged P30 Pro New Edition was officially unveiled yesterday in Germany and now the device has made its way to the UK.&quot;&gt; but was: &lt;&quot;Huawei’s re-badged P30 Pro New Edition was officially unveiled yesterday in Germany and now the device has made its way to the UK.&quot;&gt;.&#10;" type="net.javacrumbs.jsonunit.core.internal.BasicExceptionFactory$BasicJsonAssertError"><![CDATA[net.javacrumbs.jsonunit.core.internal.BasicExceptionFactory$BasicJsonAssertError: 
JSON documents are different:
Different value found in node "$.products[4].description", expected: <"Huaweiâ€™s re-badged P30 Pro New Edition was officially unveiled yesterday in Germany and now the device has made its way to the UK."> but was: <"Huawei’s re-badged P30 Pro New Edition was officially unveiled yesterday in Germany and now the device has made its way to the UK.">.

	at net.javacrumbs.jsonunit.core.internal.BasicExceptionFactory.createException(ExceptionFactory.java:19)
	at net.javacrumbs.jsonunit.core.internal.ExceptionUtils.createException(ExceptionUtils.java:45)
	at net.javacrumbs.jsonunit.core.internal.Diff.failIfDifferent(Diff.java:617)
	at net.javacrumbs.jsonunit.assertj.JsonAssert.isEqualTo(JsonAssert.java:121)
	at org.mln.libraries.JSONCustomAssert.jsonCustomAssertEqualsWithPath(JSONCustomAssert.java:32)
	at org.mln.testcases.ProductsTest.getAllProducts(ProductsTest.java:25)
	at java.base/jdk.internal.reflect.NativeMethodAccessorImpl.invoke0(Native Method)
	at java.base/jdk.internal.reflect.NativeMethodAccessorImpl.invoke(NativeMethodAccessorImpl.java:62)
	at java.base/jdk.internal.reflect.DelegatingMethodAccessorImpl.invoke(DelegatingMethodAccessorImpl.java:43)
	at java.base/java.lang.reflect.Method.invoke(Method.java:566)
	at org.testng.internal.invokers.MethodInvocationHelper.invokeMethod(MethodInvocationHelper.java:139)
	at org.testng.internal.invokers.TestInvoker.invokeMethod(TestInvoker.java:677)
	at org.testng.internal.invokers.TestInvoker.invokeTestMethod(TestInvoker.java:221)
	at org.testng.internal.invokers.MethodRunner.runInSequence(MethodRunner.java:50)
	at org.testng.internal.invokers.TestInvoker$MethodInvocationAgent.invoke(TestInvoker.java:962)
	at org.testng.internal.invokers.TestInvoker.invokeTestMethods(TestInvoker.java:194)
	at org.testng.internal.invokers.TestMethodWorker.invokeTestMethods(TestMethodWorker.java:148)
	at org.testng.internal.invokers.TestMethodWorker.run(TestMethodWorker.java:128)
	at java.base/java.util.concurrent.ThreadPoolExecutor.runWorker(ThreadPoolExecutor.java:1128)
	at java.base/java.util.concurrent.ThreadPoolExecutor$Worker.run(ThreadPoolExecutor.java:628)
	at java.base/java.lang.Thread.run(Thread.java:834)
]]></failure>
  </testcase>
  <testcase name="getSingleProduct[0, {Path=products/1, TestName=getSingleProduct, Ignore Value List=, Expected Value=, Ignore Node List=images, Execute=Yes, Expected Response=Get_Single_Product.json, Request Body=, JsonPath=}](1)" classname="org.mln.testcases.ProductsTest" time="0.373"/>
</testsuite>